<?xml version="1.0" encoding="UTF-8"?>
<!-- Generated by org.testng.reporters.JUnitReportReporter -->
<testsuite hostname="LAPTOP-9AUSQCT6" failures="0" tests="2" name="runner.RunCuke" time="62.078" errors="2" timestamp="2024-08-20T21:48:14 EDT" skipped="0">
  <testcase classname="runner.RunCuke" name="runScenario" time="15.292">
    <error message="You may not select an option in disabled select" type="java.lang.UnsupportedOperationException">
      <![CDATA[java.lang.UnsupportedOperationException: You may not select an option in disabled select
at org.openqa.selenium.support.ui.Select.assertSelectIsEnabled(Select.java:327)
at org.openqa.selenium.support.ui.Select.selectByVisibleText(Select.java:111)
at pages.actions.UsedCarsPage.selectCarModelOnUserCarSearchPage(UsedCarsPage.java:39)
at steps.UsedCarsSteps.i_select_a_car_model_on_used_car_page(UsedCarsSteps.java:36)
at ✽.I select a car model on used car page(file:///C:/Users/bhutt/Cucumber_PageObjectModel/src/test/resources/features/UsedSearchCars.feature:15)
]]>
    </error>
  </testcase> <!-- runScenario -->
  <testcase classname="runner.RunCuke" name="runScenario" time="46.786">
    <error message="Cannot locate option with text: 3 Series
For documentation on this error, please visit: https://www.selenium.dev/documentation/webdriver/troubleshooting/errors#no-such-element-exception
Build info: version: &#039;4.22.0&#039;, revision: &#039;c5f3146703*&#039;
System info: os.name: &#039;Windows 11&#039;, os.arch: &#039;amd64&#039;, os.version: &#039;10.0&#039;, java.version: &#039;11.0.23&#039;
Driver info: driver.version: unknown" type="org.openqa.selenium.NoSuchElementException">
      <![CDATA[org.openqa.selenium.NoSuchElementException: Cannot locate option with text: 3 Series
For documentation on this error, please visit: https://www.selenium.dev/documentation/webdriver/troubleshooting/errors#no-such-element-exception
Build info: version: '4.22.0', revision: 'c5f3146703*'
System info: os.name: 'Windows 11', os.arch: 'amd64', os.version: '10.0', java.version: '11.0.23'
Driver info: driver.version: unknown
at org.openqa.selenium.support.ui.Select.selectByVisibleText(Select.java:153)
at pages.actions.SearchCarsPage.selectCarModelOnSearchPage(SearchCarsPage.java:76)
at steps.SearchCarsSteps.i_eneter_as_car_model(SearchCarsSteps.java:43)
at ✽.I enter "3 Series" as car model(file:///C:/Users/bhutt/Cucumber_PageObjectModel/src/test/resources/features/SearchCars.feature:15)
]]>
    </error>
  </testcase> <!-- runScenario -->
</testsuite> <!-- runner.RunCuke -->
